<?xml version="1.0" encoding="UTF-8"?>
<testng-results ignored="0" total="2" passed="2" failed="0" skipped="0">
  <reporter-output>
  </reporter-output>
  <suite started-at="2022-11-14T03:31:11Z" name="Default suite" finished-at="2022-11-14T03:31:33Z" duration-ms="22093">
    <groups>
    </groups>
    <test started-at="2022-11-14T03:31:11Z" name="Default test" finished-at="2022-11-14T03:31:33Z" duration-ms="22093">
      <class name="saucetest.SauceDemoTest">
        <test-method is-config="true" signature="initiateBrowser()[pri:0, instance:saucetest.SauceDemoTest@61386958]" started-at="2022-11-14T03:31:11Z" name="initiateBrowser" finished-at="2022-11-14T03:31:14Z" duration-ms="3329" status="PASS">
          <reporter-output>
          </reporter-output>
        </test-method> <!-- initiateBrowser -->
        <test-method signature="login()[pri:0, instance:saucetest.SauceDemoTest@61386958]" started-at="2022-11-14T03:31:14Z" name="login" finished-at="2022-11-14T03:31:18Z" duration-ms="4313" status="PASS">
          <reporter-output>
          </reporter-output>
        </test-method> <!-- login -->
        <test-method signature="cart()[pri:1, instance:saucetest.SauceDemoTest@61386958]" started-at="2022-11-14T03:31:18Z" name="cart" finished-at="2022-11-14T03:31:33Z" duration-ms="14305" status="PASS">
          <reporter-output>
          </reporter-output>
        </test-method> <!-- cart -->
        <test-method is-config="true" signature="closeBrowser()[pri:0, instance:saucetest.SauceDemoTest@61386958]" started-at="2022-11-14T03:31:33Z" name="closeBrowser" finished-at="2022-11-14T03:31:33Z" duration-ms="114" status="PASS">
          <reporter-output>
          </reporter-output>
        </test-method> <!-- closeBrowser -->
      </class> <!-- saucetest.SauceDemoTest -->
    </test> <!-- Default test -->
  </suite> <!-- Default suite -->
</testng-results>
